

================================================================
== Vivado HLS Report for 'cordic'
================================================================
* Date:           Mon Dec 21 19:58:37 2020

* Version:        2019.2 (Build 2704478 on Wed Nov 06 22:10:23 MST 2019)
* Project:        hls_cordic_prj
* Solution:       solution1
* Product family: zynq
* Target device:  xc7z020-clg484-1


================================================================
== Performance Estimates
================================================================
+ Timing: 
    * Summary: 
    +--------+---------+----------+------------+
    |  Clock |  Target | Estimated| Uncertainty|
    +--------+---------+----------+------------+
    |ap_clk  | 5.00 ns | 3.370 ns |   0.62 ns  |
    +--------+---------+----------+------------+

+ Latency: 
    * Summary: 
    +---------+---------+-----------+-----------+-----+-----+---------+
    |  Latency (cycles) |   Latency (absolute)  |  Interval | Pipeline|
    |   min   |   max   |    min    |    max    | min | max |   Type  |
    +---------+---------+-----------+-----------+-----+-----+---------+
    |        9|        9| 45.000 ns | 45.000 ns |    9|    9|   none  |
    +---------+---------+-----------+-----------+-----+-----+---------+

    + Detail: 
        * Instance: 
        N/A

        * Loop: 
        N/A



================================================================
== Utilization Estimates
================================================================
* Summary: 
+-----------------+---------+-------+--------+-------+-----+
|       Name      | BRAM_18K| DSP48E|   FF   |  LUT  | URAM|
+-----------------+---------+-------+--------+-------+-----+
|DSP              |        -|      -|       -|      -|    -|
|Expression       |        -|      -|       0|    863|    -|
|FIFO             |        -|      -|       -|      -|    -|
|Instance         |        -|      -|       -|      -|    -|
|Memory           |        -|      -|       -|      -|    -|
|Multiplexer      |        -|      -|       -|     50|    -|
|Register         |        -|      -|     292|      -|    -|
+-----------------+---------+-------+--------+-------+-----+
|Total            |        0|      0|     292|    913|    0|
+-----------------+---------+-------+--------+-------+-----+
|Available        |      280|    220|  106400|  53200|    0|
+-----------------+---------+-------+--------+-------+-----+
|Utilization (%)  |        0|      0|   ~0   |      1|    0|
+-----------------+---------+-------+--------+-------+-----+

+ Detail: 
    * Instance: 
    N/A

    * DSP48E: 
    N/A

    * Memory: 
    N/A

    * FIFO: 
    N/A

    * Expression: 
    +-----------------------------+----------+-------+---+----+------------+------------+
    |        Variable Name        | Operation| DSP48E| FF| LUT| Bitwidth P0| Bitwidth P1|
    +-----------------------------+----------+-------+---+----+------------+------------+
    |add_ln703_1_fu_359_p2        |     +    |      0|  0|  12|          12|          12|
    |add_ln703_2_fu_470_p2        |     +    |      0|  0|  12|          12|          12|
    |add_ln703_3_fu_608_p2        |     +    |      0|  0|  12|          12|          12|
    |add_ln703_4_fu_746_p2        |     +    |      0|  0|  12|          12|          12|
    |add_ln703_5_fu_900_p2        |     +    |      0|  0|  12|          12|          12|
    |add_ln703_6_fu_1025_p2       |     +    |      0|  0|  12|          12|          12|
    |add_ln703_7_fu_1121_p2       |     +    |      0|  0|  12|          12|          12|
    |add_ln703_8_fu_1217_p2       |     +    |      0|  0|  12|          12|          12|
    |add_ln703_fu_241_p2          |     +    |      0|  0|  13|          11|          11|
    |s_V                          |     +    |      0|  0|  12|          12|          12|
    |c_V                          |     -    |      0|  0|  12|          12|          12|
    |sub_ln1118_10_fu_937_p2      |     -    |      0|  0|  17|           1|          13|
    |sub_ln1118_11_fu_980_p2      |     -    |      0|  0|  17|           1|          13|
    |sub_ln1118_12_fu_1033_p2     |     -    |      0|  0|  17|           1|          13|
    |sub_ln1118_13_fu_1076_p2     |     -    |      0|  0|  17|           1|          13|
    |sub_ln1118_14_fu_1129_p2     |     -    |      0|  0|  17|           1|          13|
    |sub_ln1118_15_fu_1172_p2     |     -    |      0|  0|  17|           1|          13|
    |sub_ln1118_16_fu_1225_p2     |     -    |      0|  0|  17|           1|          13|
    |sub_ln1118_17_fu_1268_p2     |     -    |      0|  0|  17|           1|          13|
    |sub_ln1118_1_fu_317_p2       |     -    |      0|  0|  13|           1|          11|
    |sub_ln1118_2_fu_395_p2       |     -    |      0|  0|  12|           1|          12|
    |sub_ln1118_3_fu_430_p2       |     -    |      0|  0|  12|           1|          12|
    |sub_ln1118_4_fu_533_p2       |     -    |      0|  0|  12|           1|          12|
    |sub_ln1118_5_fu_568_p2       |     -    |      0|  0|  12|           1|          12|
    |sub_ln1118_6_fu_671_p2       |     -    |      0|  0|  12|           1|          12|
    |sub_ln1118_7_fu_706_p2       |     -    |      0|  0|  12|           1|          12|
    |sub_ln1118_8_fu_812_p2       |     -    |      0|  0|  17|           1|          13|
    |sub_ln1118_9_fu_855_p2       |     -    |      0|  0|  17|           1|          13|
    |sub_ln1118_fu_276_p2         |     -    |      0|  0|  13|           1|          11|
    |sub_ln703_10_fu_235_p2       |     -    |      0|  0|  14|          10|          10|
    |sub_ln703_11_fu_353_p2       |     -    |      0|  0|  12|          12|          12|
    |sub_ln703_12_fu_465_p2       |     -    |      0|  0|  12|          12|          12|
    |sub_ln703_13_fu_603_p2       |     -    |      0|  0|  12|          12|          12|
    |sub_ln703_14_fu_741_p2       |     -    |      0|  0|  12|          12|          12|
    |sub_ln703_15_fu_895_p2       |     -    |      0|  0|  12|          12|          12|
    |sub_ln703_16_fu_1020_p2      |     -    |      0|  0|  12|          12|          12|
    |sub_ln703_17_fu_1116_p2      |     -    |      0|  0|  12|          12|          12|
    |sub_ln703_18_fu_1212_p2      |     -    |      0|  0|  12|          12|          12|
    |sub_ln703_1_fu_260_p2        |     -    |      0|  0|  12|          12|          12|
    |sub_ln703_2_fu_381_p2        |     -    |      0|  0|  12|          12|          12|
    |sub_ln703_3_fu_490_p2        |     -    |      0|  0|  12|          12|          12|
    |sub_ln703_4_fu_519_p2        |     -    |      0|  0|  12|          12|          12|
    |sub_ln703_5_fu_628_p2        |     -    |      0|  0|  12|          12|          12|
    |sub_ln703_6_fu_657_p2        |     -    |      0|  0|  12|          12|          12|
    |sub_ln703_7_fu_766_p2        |     -    |      0|  0|  12|          12|          12|
    |sub_ln703_8_fu_795_p2        |     -    |      0|  0|  12|          12|          12|
    |sub_ln703_9_fu_920_p2        |     -    |      0|  0|  12|          12|          12|
    |sub_ln703_fu_181_p2          |     -    |      0|  0|  12|          12|          12|
    |select_ln1118_10_fu_966_p3   |  select  |      0|  0|   6|           1|           6|
    |select_ln1118_11_fu_1009_p3  |  select  |      0|  0|   6|           1|           6|
    |select_ln1118_12_fu_1062_p3  |  select  |      0|  0|   5|           1|           5|
    |select_ln1118_13_fu_1105_p3  |  select  |      0|  0|   5|           1|           5|
    |select_ln1118_14_fu_1158_p3  |  select  |      0|  0|   4|           1|           4|
    |select_ln1118_15_fu_1201_p3  |  select  |      0|  0|   4|           1|           4|
    |select_ln1118_16_fu_1254_p3  |  select  |      0|  0|   3|           1|           3|
    |select_ln1118_17_fu_1297_p3  |  select  |      0|  0|   3|           1|           3|
    |select_ln1118_1_fu_341_p3    |  select  |      0|  0|   9|           1|           9|
    |select_ln1118_2_fu_419_p3    |  select  |      0|  0|   9|           1|           9|
    |select_ln1118_3_fu_454_p3    |  select  |      0|  0|   9|           1|           9|
    |select_ln1118_4_fu_557_p3    |  select  |      0|  0|   8|           1|           8|
    |select_ln1118_5_fu_592_p3    |  select  |      0|  0|   8|           1|           8|
    |select_ln1118_6_fu_695_p3    |  select  |      0|  0|   7|           1|           7|
    |select_ln1118_7_fu_730_p3    |  select  |      0|  0|   7|           1|           7|
    |select_ln1118_8_fu_841_p3    |  select  |      0|  0|   7|           1|           7|
    |select_ln1118_9_fu_884_p3    |  select  |      0|  0|   7|           1|           7|
    |select_ln1118_fu_305_p3      |  select  |      0|  0|   9|           1|           9|
    |select_ln703_10_fu_912_p3    |  select  |      0|  0|   2|           1|           2|
    |select_ln703_1_fu_173_p3     |  select  |      0|  0|  11|           1|          11|
    |select_ln703_2_fu_253_p3     |  select  |      0|  0|  10|           1|          10|
    |select_ln703_3_fu_373_p3     |  select  |      0|  0|   9|           1|           9|
    |select_ln703_4_fu_482_p3     |  select  |      0|  0|   8|           1|           8|
    |select_ln703_5_fu_511_p3     |  select  |      0|  0|   7|           1|           7|
    |select_ln703_6_fu_620_p3     |  select  |      0|  0|   6|           1|           6|
    |select_ln703_7_fu_649_p3     |  select  |      0|  0|   5|           1|           5|
    |select_ln703_8_fu_758_p3     |  select  |      0|  0|   4|           1|           4|
    |select_ln703_9_fu_787_p3     |  select  |      0|  0|   3|           1|           3|
    |select_ln703_fu_165_p3       |  select  |      0|  0|  11|           1|          11|
    |select_ln708_1_fu_211_p3     |  select  |      0|  0|  10|           1|          10|
    |select_ln708_2_fu_219_p3     |  select  |      0|  0|  10|           1|           9|
    |select_ln708_3_fu_227_p3     |  select  |      0|  0|  10|           1|          10|
    |select_ln708_fu_203_p3       |  select  |      0|  0|  10|           1|          10|
    +-----------------------------+----------+-------+---+----+------------+------------+
    |Total                        |          |      0|  0| 863|         408|         812|
    +-----------------------------+----------+-------+---+----+------------+------------+

    * Multiplexer: 
    +-----------+----+-----------+-----+-----------+
    |    Name   | LUT| Input Size| Bits| Total Bits|
    +-----------+----+-----------+-----+-----------+
    |ap_NS_fsm  |  50|         11|    1|         11|
    +-----------+----+-----------+-----+-----------+
    |Total      |  50|         11|    1|         11|
    +-----------+----+-----------+-----+-----------+

    * Register: 
    +-----------------------+----+----+-----+-----------+
    |          Name         | FF | LUT| Bits| Const Bits|
    +-----------------------+----+----+-----+-----------+
    |add_ln703_1_reg_1351   |  12|   0|   12|          0|
    |add_ln703_2_reg_1377   |  12|   0|   12|          0|
    |add_ln703_3_reg_1409   |  12|   0|   12|          0|
    |add_ln703_4_reg_1441   |  12|   0|   12|          0|
    |add_ln703_5_reg_1473   |  12|   0|   12|          0|
    |add_ln703_6_reg_1493   |  12|   0|   12|          0|
    |add_ln703_7_reg_1507   |  12|   0|   12|          0|
    |add_ln703_8_reg_1521   |  12|   0|   12|          0|
    |add_ln703_reg_1337     |  11|   0|   11|          0|
    |ap_CS_fsm              |  10|   0|   10|          0|
    |sub_ln703_10_reg_1330  |  10|   0|   10|          0|
    |sub_ln703_11_reg_1344  |  12|   0|   12|          0|
    |sub_ln703_12_reg_1370  |  12|   0|   12|          0|
    |sub_ln703_13_reg_1402  |  12|   0|   12|          0|
    |sub_ln703_14_reg_1434  |  12|   0|   12|          0|
    |sub_ln703_15_reg_1466  |  12|   0|   12|          0|
    |sub_ln703_16_reg_1486  |  12|   0|   12|          0|
    |sub_ln703_17_reg_1500  |  12|   0|   12|          0|
    |sub_ln703_18_reg_1514  |  12|   0|   12|          0|
    |sub_ln703_2_reg_1358   |  12|   0|   12|          0|
    |sub_ln703_4_reg_1390   |  12|   0|   12|          0|
    |sub_ln703_6_reg_1422   |  12|   0|   12|          0|
    |sub_ln703_8_reg_1454   |  12|   0|   12|          0|
    |sub_ln703_reg_1320     |  12|   0|   12|          0|
    |tmp_15_reg_1364        |   1|   0|    1|          0|
    |tmp_39_reg_1384        |   1|   0|    1|          0|
    |tmp_43_reg_1396        |   1|   0|    1|          0|
    |tmp_47_reg_1416        |   1|   0|    1|          0|
    |tmp_49_reg_1428        |   1|   0|    1|          0|
    |tmp_51_reg_1448        |   1|   0|    1|          0|
    |tmp_53_reg_1460        |   1|   0|    1|          0|
    |tmp_55_reg_1480        |   1|   0|    1|          0|
    |tmp_9_reg_1325         |   1|   0|    1|          0|
    +-----------------------+----+----+-----+-----------+
    |Total                  | 292|   0|  292|          0|
    +-----------------------+----+----+-----+-----------+



================================================================
== Interface
================================================================
* Summary: 
+------------------+-----+-----+------------+--------------+--------------+
|     RTL Ports    | Dir | Bits|  Protocol  | Source Object|    C Type    |
+------------------+-----+-----+------------+--------------+--------------+
|ap_clk            |  in |    1| ap_ctrl_hs |    cordic    | return value |
|ap_rst            |  in |    1| ap_ctrl_hs |    cordic    | return value |
|ap_start          |  in |    1| ap_ctrl_hs |    cordic    | return value |
|ap_done           | out |    1| ap_ctrl_hs |    cordic    | return value |
|ap_idle           | out |    1| ap_ctrl_hs |    cordic    | return value |
|ap_ready          | out |    1| ap_ctrl_hs |    cordic    | return value |
|theta_V_i         |  in |   12|   ap_ovld  |    theta_V   |    pointer   |
|theta_V_o         | out |   12|   ap_ovld  |    theta_V   |    pointer   |
|theta_V_o_ap_vld  | out |    1|   ap_ovld  |    theta_V   |    pointer   |
|s_V               | out |   12|   ap_vld   |      s_V     |    pointer   |
|s_V_ap_vld        | out |    1|   ap_vld   |      s_V     |    pointer   |
|c_V               | out |   12|   ap_vld   |      c_V     |    pointer   |
|c_V_ap_vld        | out |    1|   ap_vld   |      c_V     |    pointer   |
+------------------+-----+-----+------------+--------------+--------------+

