

================================================================
== Vivado HLS Report for 'matrixmul'
================================================================
* Date:           Tue Dec 22 11:00:17 2020

* Version:        2019.2 (Build 2704478 on Wed Nov 06 22:10:23 MST 2019)
* Project:        hls_matrixmultiplication_prj
* Solution:       solution2
* Product family: zynq
* Target device:  xc7z020-clg484-1


================================================================
== Performance Estimates
================================================================
+ Timing: 
    * Summary: 
    +--------+---------+----------+------------+
    |  Clock |  Target | Estimated| Uncertainty|
    +--------+---------+----------+------------+
    |ap_clk  | 5.00 ns | 4.371 ns |   0.62 ns  |
    +--------+---------+----------+------------+

+ Latency: 
    * Summary: 
    +---------+---------+-----------+-----------+-------+-------+---------+
    |  Latency (cycles) |   Latency (absolute)  |    Interval   | Pipeline|
    |   min   |   max   |    min    |    max    |  min  |  max  |   Type  |
    +---------+---------+-----------+-----------+-------+-------+---------+
    |    16402|    16402| 82.010 us | 82.010 us |  16402|  16402|   none  |
    +---------+---------+-----------+-----------+-------+-------+---------+

    + Detail: 
        * Instance: 
        N/A

        * Loop: 
        +-----------+---------+---------+----------+-----------+-----------+------+----------+
        |           |  Latency (cycles) | Iteration|  Initiation Interval  | Trip |          |
        | Loop Name |   min   |   max   |  Latency |  achieved |   target  | Count| Pipelined|
        +-----------+---------+---------+----------+-----------+-----------+------+----------+
        |- row_col  |    16400|    16400|        33|         16|          1|  1024|    yes   |
        +-----------+---------+---------+----------+-----------+-----------+------+----------+



================================================================
== Utilization Estimates
================================================================
* Summary: 
+-----------------+---------+-------+--------+-------+-----+
|       Name      | BRAM_18K| DSP48E|   FF   |  LUT  | URAM|
+-----------------+---------+-------+--------+-------+-----+
|DSP              |        -|      -|       -|      -|    -|
|Expression       |        -|      -|       0|   1682|    -|
|FIFO             |        -|      -|       -|      -|    -|
|Instance         |        -|     75|    5375|     25|    -|
|Memory           |        -|      -|       -|      -|    -|
|Multiplexer      |        -|      -|       -|    577|    -|
|Register         |        -|      -|    2942|      -|    -|
+-----------------+---------+-------+--------+-------+-----+
|Total            |        0|     75|    8317|   2284|    0|
+-----------------+---------+-------+--------+-------+-----+
|Available        |      280|    220|  106400|  53200|    0|
+-----------------+---------+-------+--------+-------+-----+
|Utilization (%)  |        0|     34|       7|      4|    0|
+-----------------+---------+-------+--------+-------+-----+

+ Detail: 
    * Instance: 
    +--------------------------+----------------------+---------+-------+-----+----+-----+
    |         Instance         |        Module        | BRAM_18K| DSP48E|  FF | LUT| URAM|
    +--------------------------+----------------------+---------+-------+-----+----+-----+
    |matrixmul_mul_32sbkb_U1   |matrixmul_mul_32sbkb  |        0|      3|  215|   1|    0|
    |matrixmul_mul_32sbkb_U2   |matrixmul_mul_32sbkb  |        0|      3|  215|   1|    0|
    |matrixmul_mul_32sbkb_U3   |matrixmul_mul_32sbkb  |        0|      3|  215|   1|    0|
    |matrixmul_mul_32sbkb_U4   |matrixmul_mul_32sbkb  |        0|      3|  215|   1|    0|
    |matrixmul_mul_32sbkb_U5   |matrixmul_mul_32sbkb  |        0|      3|  215|   1|    0|
    |matrixmul_mul_32sbkb_U6   |matrixmul_mul_32sbkb  |        0|      3|  215|   1|    0|
    |matrixmul_mul_32sbkb_U7   |matrixmul_mul_32sbkb  |        0|      3|  215|   1|    0|
    |matrixmul_mul_32sbkb_U8   |matrixmul_mul_32sbkb  |        0|      3|  215|   1|    0|
    |matrixmul_mul_32sbkb_U9   |matrixmul_mul_32sbkb  |        0|      3|  215|   1|    0|
    |matrixmul_mul_32sbkb_U10  |matrixmul_mul_32sbkb  |        0|      3|  215|   1|    0|
    |matrixmul_mul_32sbkb_U11  |matrixmul_mul_32sbkb  |        0|      3|  215|   1|    0|
    |matrixmul_mul_32sbkb_U12  |matrixmul_mul_32sbkb  |        0|      3|  215|   1|    0|
    |matrixmul_mul_32sbkb_U13  |matrixmul_mul_32sbkb  |        0|      3|  215|   1|    0|
    |matrixmul_mul_32sbkb_U14  |matrixmul_mul_32sbkb  |        0|      3|  215|   1|    0|
    |matrixmul_mul_32sbkb_U15  |matrixmul_mul_32sbkb  |        0|      3|  215|   1|    0|
    |matrixmul_mul_32sbkb_U16  |matrixmul_mul_32sbkb  |        0|      3|  215|   1|    0|
    |matrixmul_mul_32sbkb_U17  |matrixmul_mul_32sbkb  |        0|      3|  215|   1|    0|
    |matrixmul_mul_32sbkb_U18  |matrixmul_mul_32sbkb  |        0|      3|  215|   1|    0|
    |matrixmul_mul_32sbkb_U19  |matrixmul_mul_32sbkb  |        0|      3|  215|   1|    0|
    |matrixmul_mul_32sbkb_U20  |matrixmul_mul_32sbkb  |        0|      3|  215|   1|    0|
    |matrixmul_mul_32sbkb_U21  |matrixmul_mul_32sbkb  |        0|      3|  215|   1|    0|
    |matrixmul_mul_32sbkb_U22  |matrixmul_mul_32sbkb  |        0|      3|  215|   1|    0|
    |matrixmul_mul_32sbkb_U23  |matrixmul_mul_32sbkb  |        0|      3|  215|   1|    0|
    |matrixmul_mul_32sbkb_U24  |matrixmul_mul_32sbkb  |        0|      3|  215|   1|    0|
    |matrixmul_mul_32sbkb_U25  |matrixmul_mul_32sbkb  |        0|      3|  215|   1|    0|
    +--------------------------+----------------------+---------+-------+-----+----+-----+
    |Total                     |                      |        0|     75| 5375|  25|    0|
    +--------------------------+----------------------+---------+-------+-----+----+-----+

    * DSP48E: 
    N/A

    * Memory: 
    N/A

    * FIFO: 
    N/A

    * Expression: 
    +-------------------------+----------+-------+---+----+------------+------------+
    |      Variable Name      | Operation| DSP48E| FF| LUT| Bitwidth P0| Bitwidth P1|
    +-------------------------+----------+-------+---+----+------------+------------+
    |add_ln11_fu_921_p2       |     +    |      0|  0|  13|          11|           1|
    |add_ln18_10_fu_1825_p2   |     +    |      0|  0|  39|          32|          32|
    |add_ln18_11_fu_1850_p2   |     +    |      0|  0|  32|          32|          32|
    |add_ln18_12_fu_1856_p2   |     +    |      0|  0|  32|          32|          32|
    |add_ln18_13_fu_1861_p2   |     +    |      0|  0|  32|          32|          32|
    |add_ln18_14_fu_1865_p2   |     +    |      0|  0|  32|          32|          32|
    |add_ln18_15_fu_1661_p2   |     +    |      0|  0|  39|          32|          32|
    |add_ln18_16_fu_1870_p2   |     +    |      0|  0|  32|          32|          32|
    |add_ln18_17_fu_1875_p2   |     +    |      0|  0|  32|          32|          32|
    |add_ln18_18_fu_1884_p2   |     +    |      0|  0|  39|          32|          32|
    |add_ln18_19_fu_1888_p2   |     +    |      0|  0|  39|          32|          32|
    |add_ln18_1_fu_1794_p2    |     +    |      0|  0|  32|          32|          32|
    |add_ln18_20_fu_1893_p2   |     +    |      0|  0|  32|          32|          32|
    |add_ln18_21_fu_1897_p2   |     +    |      0|  0|  32|          32|          32|
    |add_ln18_22_fu_1728_p2   |     +    |      0|  0|  39|          32|          32|
    |add_ln18_23_fu_1902_p2   |     +    |      0|  0|  32|          32|          32|
    |add_ln18_24_fu_1906_p2   |     +    |      0|  0|  32|          32|          32|
    |add_ln18_25_fu_1919_p2   |     +    |      0|  0|  39|          32|          32|
    |add_ln18_26_fu_1915_p2   |     +    |      0|  0|  39|          32|          32|
    |add_ln18_27_fu_1924_p2   |     +    |      0|  0|  32|          32|          32|
    |add_ln18_28_fu_1928_p2   |     +    |      0|  0|  32|          32|          32|
    |add_ln18_29_fu_1933_p2   |     +    |      0|  0|  32|          32|          32|
    |add_ln18_2_fu_1798_p2    |     +    |      0|  0|  32|          32|          32|
    |add_ln18_30_fu_1937_p2   |     +    |      0|  0|  32|          32|          32|
    |add_ln18_31_fu_989_p2    |     +    |      0|  0|  15|           7|           6|
    |add_ln18_32_fu_1245_p2   |     +    |      0|  0|  15|           8|           7|
    |add_ln18_33_fu_1295_p2   |     +    |      0|  0|  15|           8|           8|
    |add_ln18_34_fu_1046_p2   |     +    |      0|  0|  15|           9|           8|
    |add_ln18_35_fu_1092_p2   |     +    |      0|  0|  15|           9|           9|
    |add_ln18_36_fu_1340_p2   |     +    |      0|  0|  15|           9|           9|
    |add_ln18_37_fu_1393_p2   |     +    |      0|  0|  14|          10|           9|
    |add_ln18_38_fu_1202_p2   |     +    |      0|  0|  14|          10|          10|
    |add_ln18_39_fu_1454_p2   |     +    |      0|  0|  14|          10|          10|
    |add_ln18_3_fu_1803_p2    |     +    |      0|  0|  39|          32|          32|
    |add_ln18_40_fu_1505_p2   |     +    |      0|  0|  14|          10|          10|
    |add_ln18_41_fu_1566_p2   |     +    |      0|  0|  14|          10|          10|
    |add_ln18_42_fu_1712_p2   |     +    |      0|  0|  13|          11|          10|
    |add_ln18_4_fu_1520_p2    |     +    |      0|  0|  39|          32|          32|
    |add_ln18_5_fu_1816_p2    |     +    |      0|  0|  32|          32|          32|
    |add_ln18_6_fu_1820_p2    |     +    |      0|  0|  32|          32|          32|
    |add_ln18_7_fu_1571_p2    |     +    |      0|  0|  39|          32|          32|
    |add_ln18_8_fu_1835_p2    |     +    |      0|  0|  32|          32|          32|
    |add_ln18_9_fu_1841_p2    |     +    |      0|  0|  32|          32|          32|
    |add_ln18_fu_1410_p2      |     +    |      0|  0|  39|          32|          32|
    |add_ln20_fu_1784_p2      |     +    |      0|  0|  12|          12|          12|
    |i_fu_927_p2              |     +    |      0|  0|  15|           6|           1|
    |j_fu_1733_p2             |     +    |      0|  0|  15|           6|           1|
    |ap_condition_100         |    and   |      0|  0|   2|           1|           1|
    |ap_condition_174         |    and   |      0|  0|   2|           1|           1|
    |ap_condition_287         |    and   |      0|  0|   2|           1|           1|
    |icmp_ln11_fu_915_p2      |   icmp   |      0|  0|  13|          11|          12|
    |icmp_ln12_fu_933_p2      |   icmp   |      0|  0|  11|           6|           7|
    |or_ln18_10_fu_1367_p2    |    or    |      0|  0|  11|          11|           4|
    |or_ln18_11_fu_1214_p2    |    or    |      0|  0|  11|          11|           4|
    |or_ln18_12_fu_1228_p2    |    or    |      0|  0|  11|          11|           4|
    |or_ln18_13_fu_1414_p2    |    or    |      0|  0|  11|          11|           4|
    |or_ln18_14_fu_1428_p2    |    or    |      0|  0|  11|          11|           4|
    |or_ln18_15_fu_1263_p2    |    or    |      0|  0|  11|          11|           5|
    |or_ln18_16_fu_1277_p2    |    or    |      0|  0|  11|          11|           5|
    |or_ln18_17_fu_1465_p2    |    or    |      0|  0|  11|          11|           5|
    |or_ln18_18_fu_1479_p2    |    or    |      0|  0|  11|          11|           5|
    |or_ln18_19_fu_1526_p2    |    or    |      0|  0|  11|          11|           5|
    |or_ln18_1_fu_1003_p2     |    or    |      0|  0|  11|          11|           2|
    |or_ln18_20_fu_1540_p2    |    or    |      0|  0|  11|          11|           5|
    |or_ln18_21_fu_1577_p2    |    or    |      0|  0|  11|          11|           5|
    |or_ln18_22_fu_1591_p2    |    or    |      0|  0|  11|          11|           5|
    |or_ln18_23_fu_1308_p2    |    or    |      0|  0|  11|          11|           5|
    |or_ln18_24_fu_1322_p2    |    or    |      0|  0|  11|          11|           5|
    |or_ln18_25_fu_1617_p2    |    or    |      0|  0|  11|          11|           5|
    |or_ln18_26_fu_1631_p2    |    or    |      0|  0|  11|          11|           5|
    |or_ln18_27_fu_1665_p2    |    or    |      0|  0|  11|          11|           5|
    |or_ln18_28_fu_1679_p2    |    or    |      0|  0|  11|          11|           5|
    |or_ln18_29_fu_1741_p2    |    or    |      0|  0|  11|          11|           5|
    |or_ln18_2_fu_1017_p2     |    or    |      0|  0|  11|          11|           2|
    |or_ln18_30_fu_1755_p2    |    or    |      0|  0|  11|          11|           5|
    |or_ln18_3_fu_1052_p2     |    or    |      0|  0|  11|          11|           3|
    |or_ln18_4_fu_1066_p2     |    or    |      0|  0|  11|          11|           3|
    |or_ln18_5_fu_1103_p2     |    or    |      0|  0|  11|          11|           3|
    |or_ln18_6_fu_1117_p2     |    or    |      0|  0|  11|          11|           3|
    |or_ln18_7_fu_1155_p2     |    or    |      0|  0|  11|          11|           4|
    |or_ln18_8_fu_1169_p2     |    or    |      0|  0|  11|          11|           4|
    |or_ln18_9_fu_1353_p2     |    or    |      0|  0|  11|          11|           4|
    |or_ln18_fu_967_p2        |    or    |      0|  0|  11|          11|           1|
    |select_ln18_1_fu_947_p3  |  select  |      0|  0|   6|           1|           6|
    |select_ln18_fu_939_p3    |  select  |      0|  0|   6|           1|           1|
    |ap_enable_pp0            |    xor   |      0|  0|   2|           1|           2|
    +-------------------------+----------+-------+---+----+------------+------------+
    |Total                    |          |      0|  0|1682|        1502|        1273|
    +-------------------------+----------+-------+---+----+------------+------------+

    * Multiplexer: 
    +-----------------------------------------+----+-----------+-----+-----------+
    |                   Name                  | LUT| Input Size| Bits| Total Bits|
    +-----------------------------------------+----+-----------+-----+-----------+
    |A_address0                               |  85|         17|   10|        170|
    |A_address1                               |  85|         17|   10|        170|
    |B_address0                               |  85|         17|   10|        170|
    |B_address1                               |  85|         17|   10|        170|
    |ap_NS_fsm                                |  93|         19|    1|         19|
    |ap_enable_reg_pp0_iter2                  |   9|          2|    1|          2|
    |ap_phi_mux_i_0_phi_fu_730_p4             |   9|          2|    6|         12|
    |ap_phi_mux_indvar_flatten_phi_fu_719_p4  |   9|          2|   11|         22|
    |ap_phi_mux_j_0_phi_fu_741_p4             |   9|          2|    6|         12|
    |i_0_reg_726                              |   9|          2|    6|         12|
    |indvar_flatten_reg_715                   |   9|          2|   11|         22|
    |j_0_reg_737                              |   9|          2|    6|         12|
    |reg_756                                  |   9|          2|   32|         64|
    |reg_761                                  |   9|          2|   32|         64|
    |reg_766                                  |   9|          2|   32|         64|
    |reg_771                                  |   9|          2|   32|         64|
    |reg_776                                  |   9|          2|   32|         64|
    |reg_821                                  |   9|          2|   32|         64|
    |reg_826                                  |   9|          2|   32|         64|
    |reg_831                                  |   9|          2|   32|         64|
    |reg_836                                  |   9|          2|   32|         64|
    +-----------------------------------------+----+-----------+-----+-----------+
    |Total                                    | 577|        119|  376|       1369|
    +-----------------------------------------+----+-----------+-----+-----------+

    * Register: 
    +----------------------------------+----+----+-----+-----------+
    |               Name               | FF | LUT| Bits| Const Bits|
    +----------------------------------+----+----+-----+-----------+
    |A_load_19_reg_2381                |  32|   0|   32|          0|
    |A_load_21_reg_2426                |  32|   0|   32|          0|
    |A_load_26_reg_2506                |  32|   0|   32|          0|
    |A_load_27_reg_2516                |  32|   0|   32|          0|
    |A_load_29_reg_2561                |  32|   0|   32|          0|
    |A_load_30_reg_2586                |  32|   0|   32|          0|
    |A_load_31_reg_2591                |  32|   0|   32|          0|
    |A_load_3_reg_2105                 |  32|   0|   32|          0|
    |A_load_5_reg_2130                 |  32|   0|   32|          0|
    |B_load_19_reg_2386                |  32|   0|   32|          0|
    |B_load_21_reg_2431                |  32|   0|   32|          0|
    |B_load_23_reg_2456                |  32|   0|   32|          0|
    |B_load_26_reg_2511                |  32|   0|   32|          0|
    |B_load_27_reg_2521                |  32|   0|   32|          0|
    |B_load_29_reg_2581                |  32|   0|   32|          0|
    |B_load_30_reg_2566                |  32|   0|   32|          0|
    |B_load_31_reg_2596                |  32|   0|   32|          0|
    |add_ln11_reg_1950                 |  11|   0|   11|          0|
    |add_ln18_10_reg_2606              |  32|   0|   32|          0|
    |add_ln18_12_reg_2626              |  32|   0|   32|          0|
    |add_ln18_14_reg_2636              |  32|   0|   32|          0|
    |add_ln18_15_reg_2466              |  32|   0|   32|          0|
    |add_ln18_17_reg_2641              |  32|   0|   32|          0|
    |add_ln18_18_reg_2656              |  32|   0|   32|          0|
    |add_ln18_19_reg_2666              |  32|   0|   32|          0|
    |add_ln18_21_reg_2676              |  32|   0|   32|          0|
    |add_ln18_22_reg_2526              |  32|   0|   32|          0|
    |add_ln18_24_reg_2681              |  32|   0|   32|          0|
    |add_ln18_25_reg_2701              |  32|   0|   32|          0|
    |add_ln18_26_reg_2691              |  32|   0|   32|          0|
    |add_ln18_28_reg_2706              |  32|   0|   32|          0|
    |add_ln18_2_reg_2571               |  32|   0|   32|          0|
    |add_ln18_30_reg_2711              |  32|   0|   32|          0|
    |add_ln18_31_reg_2038              |   7|   0|    7|          0|
    |add_ln18_32_reg_2183              |   8|   0|    8|          0|
    |add_ln18_33_reg_2213              |   8|   0|    8|          0|
    |add_ln18_34_reg_2074              |   9|   0|    9|          0|
    |add_ln18_35_reg_2099              |   9|   0|    9|          0|
    |add_ln18_36_reg_2245              |   9|   0|    9|          0|
    |add_ln18_37_reg_2286              |  10|   0|   10|          0|
    |add_ln18_38_reg_2163              |  10|   0|   10|          0|
    |add_ln18_39_reg_2321              |  10|   0|   10|          0|
    |add_ln18_3_reg_2576               |  32|   0|   32|          0|
    |add_ln18_40_reg_2346              |  10|   0|   10|          0|
    |add_ln18_41_reg_2376              |  10|   0|   10|          0|
    |add_ln18_42_reg_2491              |  11|   0|   11|          0|
    |add_ln18_4_reg_2351               |  32|   0|   32|          0|
    |add_ln18_6_reg_2601               |  32|   0|   32|          0|
    |add_ln18_7_reg_2391               |  32|   0|   32|          0|
    |add_ln18_9_reg_2611               |  32|   0|   32|          0|
    |add_ln18_reg_2296                 |  32|   0|   32|          0|
    |add_ln20_reg_2556                 |  12|   0|   12|          0|
    |ap_CS_fsm                         |  18|   0|   18|          0|
    |ap_enable_reg_pp0_iter0           |   1|   0|    1|          0|
    |ap_enable_reg_pp0_iter1           |   1|   0|    1|          0|
    |ap_enable_reg_pp0_iter2           |   1|   0|    1|          0|
    |i_0_reg_726                       |   6|   0|    6|          0|
    |icmp_ln11_reg_1946                |   1|   0|    1|          0|
    |icmp_ln11_reg_1946_pp0_iter1_reg  |   1|   0|    1|          0|
    |indvar_flatten_reg_715            |  11|   0|   11|          0|
    |j_0_reg_737                       |   6|   0|    6|          0|
    |j_reg_2531                        |   6|   0|    6|          0|
    |mul_ln18_16_reg_2416              |  32|   0|   32|          0|
    |mul_ln18_17_reg_2421              |  32|   0|   32|          0|
    |mul_ln18_19_reg_2616              |  32|   0|   32|          0|
    |mul_ln18_1_reg_2256               |  32|   0|   32|          0|
    |mul_ln18_20_reg_2621              |  32|   0|   32|          0|
    |mul_ln18_21_reg_2631              |  32|   0|   32|          0|
    |mul_ln18_23_reg_2646              |  32|   0|   32|          0|
    |mul_ln18_25_reg_2461              |  32|   0|   32|          0|
    |mul_ln18_26_reg_2651              |  32|   0|   32|          0|
    |mul_ln18_27_reg_2661              |  32|   0|   32|          0|
    |mul_ln18_29_reg_2696              |  32|   0|   32|          0|
    |mul_ln18_2_reg_2261               |  32|   0|   32|          0|
    |mul_ln18_30_reg_2671              |  32|   0|   32|          0|
    |mul_ln18_31_reg_2686              |  32|   0|   32|          0|
    |mul_ln18_3_reg_2496               |  32|   0|   32|          0|
    |mul_ln18_4_reg_2291               |  32|   0|   32|          0|
    |mul_ln18_5_reg_2501               |  32|   0|   32|          0|
    |mul_ln18_reg_2225                 |  32|   0|   32|          0|
    |reg_748                           |  32|   0|   32|          0|
    |reg_752                           |  32|   0|   32|          0|
    |reg_756                           |  32|   0|   32|          0|
    |reg_761                           |  32|   0|   32|          0|
    |reg_766                           |  32|   0|   32|          0|
    |reg_771                           |  32|   0|   32|          0|
    |reg_776                           |  32|   0|   32|          0|
    |reg_781                           |  32|   0|   32|          0|
    |reg_785                           |  32|   0|   32|          0|
    |reg_789                           |  32|   0|   32|          0|
    |reg_793                           |  32|   0|   32|          0|
    |reg_797                           |  32|   0|   32|          0|
    |reg_801                           |  32|   0|   32|          0|
    |reg_805                           |  32|   0|   32|          0|
    |reg_809                           |  32|   0|   32|          0|
    |reg_813                           |  32|   0|   32|          0|
    |reg_817                           |  32|   0|   32|          0|
    |reg_821                           |  32|   0|   32|          0|
    |reg_826                           |  32|   0|   32|          0|
    |reg_831                           |  32|   0|   32|          0|
    |reg_836                           |  32|   0|   32|          0|
    |reg_841                           |  32|   0|   32|          0|
    |reg_887                           |  32|   0|   32|          0|
    |reg_891                           |  32|   0|   32|          0|
    |reg_895                           |  32|   0|   32|          0|
    |reg_899                           |  32|   0|   32|          0|
    |reg_903                           |  32|   0|   32|          0|
    |reg_907                           |  32|   0|   32|          0|
    |reg_911                           |  32|   0|   32|          0|
    |select_ln18_1_reg_1982            |   6|   0|    6|          0|
    |select_ln18_reg_1955              |   6|   0|    6|          0|
    |tmp_reg_1988                      |   6|   0|   11|          5|
    |zext_ln18_5_reg_2145              |   6|   0|   10|          4|
    |zext_ln18_6_reg_2178              |   6|   0|    8|          2|
    |zext_ln18_7_reg_2058              |   6|   0|    9|          3|
    +----------------------------------+----+----+-----+-----------+
    |Total                             |2942|   0| 2956|         14|
    +----------------------------------+----+----+-----+-----------+



================================================================
== Interface
================================================================
* Summary: 
+-------------+-----+-----+------------+--------------+--------------+
|  RTL Ports  | Dir | Bits|  Protocol  | Source Object|    C Type    |
+-------------+-----+-----+------------+--------------+--------------+
|ap_clk       |  in |    1| ap_ctrl_hs |   matrixmul  | return value |
|ap_rst       |  in |    1| ap_ctrl_hs |   matrixmul  | return value |
|ap_start     |  in |    1| ap_ctrl_hs |   matrixmul  | return value |
|ap_done      | out |    1| ap_ctrl_hs |   matrixmul  | return value |
|ap_idle      | out |    1| ap_ctrl_hs |   matrixmul  | return value |
|ap_ready     | out |    1| ap_ctrl_hs |   matrixmul  | return value |
|A_address0   | out |   10|  ap_memory |       A      |     array    |
|A_ce0        | out |    1|  ap_memory |       A      |     array    |
|A_q0         |  in |   32|  ap_memory |       A      |     array    |
|A_address1   | out |   10|  ap_memory |       A      |     array    |
|A_ce1        | out |    1|  ap_memory |       A      |     array    |
|A_q1         |  in |   32|  ap_memory |       A      |     array    |
|B_address0   | out |   10|  ap_memory |       B      |     array    |
|B_ce0        | out |    1|  ap_memory |       B      |     array    |
|B_q0         |  in |   32|  ap_memory |       B      |     array    |
|B_address1   | out |   10|  ap_memory |       B      |     array    |
|B_ce1        | out |    1|  ap_memory |       B      |     array    |
|B_q1         |  in |   32|  ap_memory |       B      |     array    |
|AB_address0  | out |   10|  ap_memory |      AB      |     array    |
|AB_ce0       | out |    1|  ap_memory |      AB      |     array    |
|AB_we0       | out |    1|  ap_memory |      AB      |     array    |
|AB_d0        | out |   32|  ap_memory |      AB      |     array    |
+-------------+-----+-----+------------+--------------+--------------+

