

================================================================
== Vivado HLS Report for 'matrixmul'
================================================================
* Date:           Tue Dec 22 10:28:00 2020

* Version:        2019.2 (Build 2704478 on Wed Nov 06 22:10:23 MST 2019)
* Project:        hls_matrixmultiplication_prj
* Solution:       solution1
* Product family: zynq
* Target device:  xc7z020-clg484-1


================================================================
== Performance Estimates
================================================================
+ Timing: 
    * Summary: 
    +--------+---------+----------+------------+
    |  Clock |  Target | Estimated| Uncertainty|
    +--------+---------+----------+------------+
    |ap_clk  | 5.00 ns | 3.950 ns |   0.62 ns  |
    +--------+---------+----------+------------+

+ Latency: 
    * Summary: 
    +---------+---------+----------+----------+--------+--------+---------+
    |  Latency (cycles) |  Latency (absolute) |     Interval    | Pipeline|
    |   min   |   max   |    min   |    max   |   min  |   max  |   Type  |
    +---------+---------+----------+----------+--------+--------+---------+
    |   297025|   297025| 1.485 ms | 1.485 ms |  297025|  297025|   none  |
    +---------+---------+----------+----------+--------+--------+---------+

    + Detail: 
        * Instance: 
        N/A

        * Loop: 
        +--------------+---------+---------+----------+-----------+-----------+------+----------+
        |              |  Latency (cycles) | Iteration|  Initiation Interval  | Trip |          |
        |   Loop Name  |   min   |   max   |  Latency |  achieved |   target  | Count| Pipelined|
        +--------------+---------+---------+----------+-----------+-----------+------+----------+
        |- row         |   297024|   297024|      9282|          -|          -|    32|    no    |
        | + col        |     9280|     9280|       290|          -|          -|    32|    no    |
        |  ++ product  |      288|      288|         9|          -|          -|    32|    no    |
        +--------------+---------+---------+----------+-----------+-----------+------+----------+



================================================================
== Utilization Estimates
================================================================
* Summary: 
+-----------------+---------+-------+--------+-------+-----+
|       Name      | BRAM_18K| DSP48E|   FF   |  LUT  | URAM|
+-----------------+---------+-------+--------+-------+-----+
|DSP              |        -|      -|       -|      -|    -|
|Expression       |        -|      -|       0|    153|    -|
|FIFO             |        -|      -|       -|      -|    -|
|Instance         |        -|      3|     215|      1|    -|
|Memory           |        -|      -|       -|      -|    -|
|Multiplexer      |        -|      -|       -|     92|    -|
|Register         |        -|      -|     222|      -|    -|
+-----------------+---------+-------+--------+-------+-----+
|Total            |        0|      3|     437|    246|    0|
+-----------------+---------+-------+--------+-------+-----+
|Available        |      280|    220|  106400|  53200|    0|
+-----------------+---------+-------+--------+-------+-----+
|Utilization (%)  |        0|      1|   ~0   |   ~0  |    0|
+-----------------+---------+-------+--------+-------+-----+

+ Detail: 
    * Instance: 
    +-------------------------+----------------------+---------+-------+-----+----+-----+
    |         Instance        |        Module        | BRAM_18K| DSP48E|  FF | LUT| URAM|
    +-------------------------+----------------------+---------+-------+-----+----+-----+
    |matrixmul_mul_32sbkb_U1  |matrixmul_mul_32sbkb  |        0|      3|  215|   1|    0|
    +-------------------------+----------------------+---------+-------+-----+----+-----+
    |Total                    |                      |        0|      3|  215|   1|    0|
    +-------------------------+----------------------+---------+-------+-----+----+-----+

    * DSP48E: 
    N/A

    * Memory: 
    N/A

    * FIFO: 
    N/A

    * Expression: 
    +----------------------+----------+-------+---+----+------------+------------+
    |     Variable Name    | Operation| DSP48E| FF| LUT| Bitwidth P0| Bitwidth P1|
    +----------------------+----------+-------+---+----+------------+------------+
    |ABij_fu_226_p2        |     +    |      0|  0|  39|          32|          32|
    |add_ln16_1_fu_209_p2  |     +    |      0|  0|  12|          12|          12|
    |add_ln16_fu_192_p2    |     +    |      0|  0|  12|          12|          12|
    |add_ln18_fu_166_p2    |     +    |      0|  0|  12|          12|          12|
    |i_fu_132_p2           |     +    |      0|  0|  15|           6|           1|
    |j_fu_156_p2           |     +    |      0|  0|  15|           6|           1|
    |k_fu_182_p2           |     +    |      0|  0|  15|           6|           1|
    |icmp_ln10_fu_126_p2   |   icmp   |      0|  0|  11|           6|           7|
    |icmp_ln11_fu_150_p2   |   icmp   |      0|  0|  11|           6|           7|
    |icmp_ln15_fu_176_p2   |   icmp   |      0|  0|  11|           6|           7|
    +----------------------+----------+-------+---+----+------------+------------+
    |Total                 |          |      0|  0| 153|         104|          92|
    +----------------------+----------+-------+---+----+------------+------------+

    * Multiplexer: 
    +----------------+----+-----------+-----+-----------+
    |      Name      | LUT| Input Size| Bits| Total Bits|
    +----------------+----+-----------+-----+-----------+
    |ABij_0_reg_102  |   9|          2|   32|         64|
    |ap_NS_fsm       |  56|         13|    1|         13|
    |i_0_reg_80      |   9|          2|    6|         12|
    |j_0_reg_91      |   9|          2|    6|         12|
    |k_0_reg_115     |   9|          2|    6|         12|
    +----------------+----+-----------+-----+-----------+
    |Total           |  92|         21|   51|        113|
    +----------------+----+-----------+-----+-----------+

    * Register: 
    +--------------------+----+----+-----+-----------+
    |        Name        | FF | LUT| Bits| Const Bits|
    +--------------------+----+----+-----+-----------+
    |AB_addr_reg_258     |  10|   0|   10|          0|
    |ABij_0_reg_102      |  32|   0|   32|          0|
    |A_load_reg_291      |  32|   0|   32|          0|
    |B_load_reg_296      |  32|   0|   32|          0|
    |add_ln16_1_reg_276  |  12|   0|   12|          0|
    |add_ln16_reg_271    |  12|   0|   12|          0|
    |ap_CS_fsm           |  12|   0|   12|          0|
    |i_0_reg_80          |   6|   0|    6|          0|
    |i_reg_234           |   6|   0|    6|          0|
    |j_0_reg_91          |   6|   0|    6|          0|
    |j_reg_248           |   6|   0|    6|          0|
    |k_0_reg_115         |   6|   0|    6|          0|
    |k_reg_266           |   6|   0|    6|          0|
    |mul_ln16_reg_301    |  32|   0|   32|          0|
    |zext_ln11_reg_239   |   6|   0|   12|          6|
    |zext_ln18_reg_253   |   6|   0|   12|          6|
    +--------------------+----+----+-----+-----------+
    |Total               | 222|   0|  234|         12|
    +--------------------+----+----+-----+-----------+



================================================================
== Interface
================================================================
* Summary: 
+-------------+-----+-----+------------+--------------+--------------+
|  RTL Ports  | Dir | Bits|  Protocol  | Source Object|    C Type    |
+-------------+-----+-----+------------+--------------+--------------+
|ap_clk       |  in |    1| ap_ctrl_hs |   matrixmul  | return value |
|ap_rst       |  in |    1| ap_ctrl_hs |   matrixmul  | return value |
|ap_start     |  in |    1| ap_ctrl_hs |   matrixmul  | return value |
|ap_done      | out |    1| ap_ctrl_hs |   matrixmul  | return value |
|ap_idle      | out |    1| ap_ctrl_hs |   matrixmul  | return value |
|ap_ready     | out |    1| ap_ctrl_hs |   matrixmul  | return value |
|A_address0   | out |   10|  ap_memory |       A      |     array    |
|A_ce0        | out |    1|  ap_memory |       A      |     array    |
|A_q0         |  in |   32|  ap_memory |       A      |     array    |
|B_address0   | out |   10|  ap_memory |       B      |     array    |
|B_ce0        | out |    1|  ap_memory |       B      |     array    |
|B_q0         |  in |   32|  ap_memory |       B      |     array    |
|AB_address0  | out |   10|  ap_memory |      AB      |     array    |
|AB_ce0       | out |    1|  ap_memory |      AB      |     array    |
|AB_we0       | out |    1|  ap_memory |      AB      |     array    |
|AB_d0        | out |   32|  ap_memory |      AB      |     array    |
+-------------+-----+-----+------------+--------------+--------------+

